0 info it worked if it ends with ok
1 verbose cli [ '/usr/local/bin/node', '/usr/local/bin/npm', 'run', 'live' ]
2 info using npm@3.10.3
3 info using node@v6.7.0
4 verbose run-script [ 'prelive', 'live', 'postlive' ]
5 info lifecycle liquid-container@0.0.1~prelive: liquid-container@0.0.1
6 silly lifecycle liquid-container@0.0.1~prelive: no script for prelive, continuing
7 info lifecycle liquid-container@0.0.1~live: liquid-container@0.0.1
8 verbose lifecycle liquid-container@0.0.1~live: unsafe-perm in lifecycle true
9 verbose lifecycle liquid-container@0.0.1~live: PATH: /usr/local/lib/node_modules/npm/bin/node-gyp-bin:/Users/thomas/git/liquid-element/node_modules/.bin:/usr/local/bin:/usr/local/bin:/usr/bin:/bin:/usr/sbin:/sbin
10 verbose lifecycle liquid-container@0.0.1~live: CWD: /Users/thomas/git/liquid-element
11 silly lifecycle liquid-container@0.0.1~live: Args: [ '-c', 'webpack-dev-server --inline --hot --progress' ]
12 silly lifecycle liquid-container@0.0.1~live: Returned: code: 1  signal: null
13 info lifecycle liquid-container@0.0.1~live: Failed to exec live script
14 verbose stack Error: liquid-container@0.0.1 live: `webpack-dev-server --inline --hot --progress`
14 verbose stack Exit status 1
14 verbose stack     at EventEmitter.<anonymous> (/usr/local/lib/node_modules/npm/lib/utils/lifecycle.js:242:16)
14 verbose stack     at emitTwo (events.js:106:13)
14 verbose stack     at EventEmitter.emit (events.js:191:7)
14 verbose stack     at ChildProcess.<anonymous> (/usr/local/lib/node_modules/npm/lib/utils/spawn.js:40:14)
14 verbose stack     at emitTwo (events.js:106:13)
14 verbose stack     at ChildProcess.emit (events.js:191:7)
14 verbose stack     at maybeClose (internal/child_process.js:877:16)
14 verbose stack     at Process.ChildProcess._handle.onexit (internal/child_process.js:226:5)
15 verbose pkgid liquid-container@0.0.1
16 verbose cwd /Users/thomas/git/liquid-element
17 error Darwin 16.0.0
18 error argv "/usr/local/bin/node" "/usr/local/bin/npm" "run" "live"
19 error node v6.7.0
20 error npm  v3.10.3
21 error code ELIFECYCLE
22 error liquid-container@0.0.1 live: `webpack-dev-server --inline --hot --progress`
22 error Exit status 1
23 error Failed at the liquid-container@0.0.1 live script 'webpack-dev-server --inline --hot --progress'.
23 error Make sure you have the latest version of node.js and npm installed.
23 error If you do, this is most likely a problem with the liquid-container package,
23 error not with npm itself.
23 error Tell the author that this fails on your system:
23 error     webpack-dev-server --inline --hot --progress
23 error You can get information on how to open an issue for this project with:
23 error     npm bugs liquid-container
23 error Or if that isn't available, you can get their info via:
23 error     npm owner ls liquid-container
23 error There is likely additional logging output above.
24 verbose exit [ 1, true ]
